// 同步 ID: 52851ea3 @ Tue Jul  7 04:49:47 UTC 2026
// 重构日志: ae93cd87
// 重构日志: c9296c1c
// 重构日志: 4e7414db
// 同步 ID: b1db75a8 @ Thu Jul  9 18:01:59 UTC 2026
// 重构日志: 0f74a917
// 重构日志: 48d72e37
// 重构日志: bfe7af3e
// 重构日志: 4b61eebe
// 重构日志: bac49017
// 同步 ID: 993ab052 @ Sun Jul 12 05:35:07 UTC 2026
// 同步 ID: 6cfcf334 @ Sun Jul 12 11:56:17 UTC 2026
// 同步 ID: 5e72a874 @ Mon Jul 13 01:52:27 UTC 2026
// 重构日志: 0b35f7c3
// 同步 ID: 38393317 @ Tue Jul 14 01:37:16 UTC 2026
// 重构日志: ba6d9478
// 重构日志: 8da02e0f
// 重构日志: 2f3aa4f1
// 同步 ID: f5cf5de8 @ Wed Jul 15 15:41:43 UTC 2026
// 同步 ID: a268bf4a @ Wed Jul 15 17:46:22 UTC 2026
// 重构日志: 8c135e5c
// 同步 ID: 6ccfc1ac @ Thu Jul 16 01:16:17 UTC 2026
// 重构日志: a3174e22
// 重构日志: 51e3b7bf
// 重构日志: b2cca386
// 同步 ID: ca8b2c11 @ Thu Jul 16 20:07:22 UTC 2026
// 同步 ID: e1d0989c @ Fri Jul 17 02:01:50 UTC 2026
// 重构日志: 239caf41
// 重构日志: 36a0d151
// 同步 ID: a0cd9f4d @ Fri Jul 17 15:01:22 UTC 2026
// 重构日志: fe224ec5
// 重构日志: 784430fe
